[debug] [2018-06-23T16:20:07.335Z] ----------------------------------------------------------------------
[debug] [2018-06-23T16:20:07.338Z] Command:       /usr/local/bin/node /usr/local/bin/firebase serve
[debug] [2018-06-23T16:20:07.338Z] CLI Version:   3.18.6
[debug] [2018-06-23T16:20:07.338Z] Platform:      darwin
[debug] [2018-06-23T16:20:07.338Z] Node Version:  v8.11.2
[debug] [2018-06-23T16:20:07.338Z] Time:          Sun Jun 24 2018 01:20:07 GMT+0900 (JST)
[debug] [2018-06-23T16:20:07.338Z] ----------------------------------------------------------------------
[debug] 
[debug] [2018-06-23T16:20:07.356Z] > command requires scopes: ["email","openid","https://www.googleapis.com/auth/cloudplatformprojects.readonly","https://www.googleapis.com/auth/firebase","https://www.googleapis.com/auth/cloud-platform"]
[debug] [2018-06-23T16:20:07.357Z] > authorizing via signed-in user
[debug] [2018-06-23T16:20:07.359Z] > refreshing access token with scopes: ["email","https://www.googleapis.com/auth/cloud-platform","https://www.googleapis.com/auth/cloudplatformprojects.readonly","https://www.googleapis.com/auth/firebase","openid"]
[debug] [2018-06-23T16:20:07.359Z] >>> HTTP REQUEST POST https://www.googleapis.com/oauth2/v3/token  
 { refresh_token: '1/CrxY_-Rt7avvHed2J1LwjvI8cPiVdAMOQabOtefHRAbKgRVpxkdgVTpdQUaUMmAa',
  client_id: '563584335869-fgrhgmd47bqnekij5i8b5pr03ho849e6.apps.googleusercontent.com',
  client_secret: 'j9iVZfS8kkCEFUPaAeJV0sAi',
  grant_type: 'refresh_token',
  scope: 'email https://www.googleapis.com/auth/cloud-platform https://www.googleapis.com/auth/cloudplatformprojects.readonly https://www.googleapis.com/auth/firebase openid' } 
 Sun Jun 24 2018 01:20:07 GMT+0900 (JST)
[debug] [2018-06-23T16:20:07.728Z] <<< HTTP RESPONSE 200
[debug] [2018-06-23T16:20:07.739Z] >>> HTTP REQUEST GET https://admin.firebase.com/v1/projects/werewolf-c8340  
  
 Sun Jun 24 2018 01:20:07 GMT+0900 (JST)
[debug] [2018-06-23T16:20:08.862Z] <<< HTTP RESPONSE 200
[debug] [2018-06-23T16:20:08.863Z] >>> HTTP REQUEST GET https://admin.firebase.com/v1/database/werewolf-c8340/tokens  
  
 Sun Jun 24 2018 01:20:08 GMT+0900 (JST)
